<?xml version="1.0" encoding="UTF-8"?>
<!-- Generated by org.testng.reporters.JUnitReportReporter -->
<testsuite hostname="INBook_X1" failures="0" tests="2" name="Practice.DemoTest" time="0.010" errors="0" timestamp="2023-04-09T15:02:54 IST" skipped="0">
  <testcase classname="Practice.DemoTest" name="demo" time="0.009"/>
  <system-out/>
  <testcase classname="Practice.DemoTest" name="demo2" time="0.001"/>
  <system-out/>
</testsuite> <!-- Practice.DemoTest -->
