<?xml version="1.0" encoding="UTF-8"?>
<!-- Generated by org.testng.reporters.JUnitReportReporter -->
<testsuite hostname="INBook_X1" failures="0" tests="1" name="Practice.Groom" time="0.008" errors="0" timestamp="2023-04-09T15:22:56 IST" skipped="0">
  <testcase classname="Practice.Groom" name="m1" time="0.008"/>
  <system-out/>
</testsuite> <!-- Practice.Groom -->
